<?xml version="1.0" encoding="UTF-8"?>
<!-- Generated by org.testng.reporters.JUnitReportReporter -->
<testsuite hostname="DESKTOP-2JBFBCA" failures="0" tests="1" name="testCases.LoginPageTest" time="10.974" errors="0" timestamp="02 Nov 2022 18:30:36 GMT" skipped="0">
  <testcase classname="testCases.LoginPageTest" name="loginPageTest" time="10.974"/>
</testsuite> <!-- testCases.LoginPageTest -->
