<?xml version="1.0" encoding="UTF-8"?>
<!-- Generated by org.testng.reporters.JUnitReportReporter -->
<testsuite hostname="DESKTOP-2JBFBCA" failures="0" tests="1" name="testCases.SignUpPageTest" time="11.131" errors="0" timestamp="02 Nov 2022 18:30:36 GMT" skipped="0">
  <testcase classname="testCases.SignUpPageTest" name="enterPersonalInfoTest" time="11.131"/>
</testsuite> <!-- testCases.SignUpPageTest -->
