<?xml version="1.0" encoding="UTF-8"?>
<!-- Generated by org.testng.reporters.JUnitReportReporter -->
<testsuite hostname="DESKTOP-2JBFBCA" failures="0" tests="5" name="testCases.HomePageTest" time="29.447" errors="0" timestamp="02 Nov 2022 18:30:36 GMT" skipped="0">
  <testcase classname="testCases.HomePageTest" name="verifyHomePageTitleTest" time="4.323"/>
  <testcase classname="testCases.HomePageTest" name="clickOnLoginBtnTest" time="4.621"/>
  <testcase classname="testCases.HomePageTest" name="verifyloginTextTest" time="6.358"/>
  <testcase classname="testCases.HomePageTest" name="clickOnSignBtnTest" time="7.025"/>
  <testcase classname="testCases.HomePageTest" name="verifySignUpPageTest" time="7.120"/>
</testsuite> <!-- testCases.HomePageTest -->
