<?xml version="1.0" encoding="UTF-8"?>
<!-- Generated by org.testng.reporters.JUnitReportReporter -->
<testsuite hostname="DESKTOP-2JBFBCA" failures="0" tests="1" name="com.phptravels.test" time="7.272" errors="0" timestamp="2022-10-04T13:02:07 EDT" skipped="0">
  <testcase classname="com.phptravels.test" name="setupClass" time="7.272"/>
  <system-out/>
</testsuite> <!-- com.phptravels.test -->
