<?xml version="1.0" encoding="UTF-8"?>
<!-- Generated by org.testng.reporters.JUnitReportReporter -->
<testsuite hostname="DESKTOP-2JBFBCA" failures="0" tests="5" name="testCases.HomePageTest" time="32.471" errors="0" timestamp="02 Nov 2022 15:18:47 GMT" skipped="0">
  <testcase classname="testCases.HomePageTest" name="verifyHomePageTitleTest" time="5.551"/>
  <testcase classname="testCases.HomePageTest" name="clickOnLoginBtnTest" time="5.020"/>
  <testcase classname="testCases.HomePageTest" name="verifyloginTextTest" time="8.578"/>
  <testcase classname="testCases.HomePageTest" name="clickOnSignBtnTest" time="5.326"/>
  <testcase classname="testCases.HomePageTest" name="verifySignUpPageTest" time="7.996"/>
</testsuite> <!-- testCases.HomePageTest -->
