<?xml version="1.0" encoding="UTF-8"?>
<!-- Generated by org.testng.reporters.JUnitReportReporter -->
<testsuite hostname="DESKTOP-2JBFBCA" failures="0" tests="1" name="testCases.ConnectMySql" time="1.163" errors="0" timestamp="2022-10-21T19:11:44 EDT" skipped="0">
  <testcase classname="testCases.ConnectMySql" name="testDB" time="1.163"/>
  <system-out/>
</testsuite> <!-- testCases.ConnectMySql -->
