<?xml version="1.0" encoding="UTF-8"?>
<!-- Generated by org.testng.reporters.JUnitReportReporter -->
<testsuite hostname="DESKTOP-2JBFBCA" failures="0" tests="1" name="testCases.SignUpPageTest" time="19.109" errors="0" timestamp="2022-10-17T13:35:32 EDT" skipped="0">
  <testcase classname="testCases.SignUpPageTest" name="enterPersonalInfoTest" time="19.109"/>
  <system-out/>
</testsuite> <!-- testCases.SignUpPageTest -->
