<?xml version="1.0" encoding="UTF-8"?>
<!-- Generated by org.testng.reporters.JUnitReportReporter -->
<testsuite hostname="DESKTOP-2JBFBCA" failures="0" tests="1" name="testCases.LoginPageTest" time="12.451" errors="0" timestamp="02 Nov 2022 18:27:51 GMT" skipped="0">
  <testcase classname="testCases.LoginPageTest" name="loginPageTest" time="12.451"/>
</testsuite> <!-- testCases.LoginPageTest -->
