<?xml version="1.0" encoding="UTF-8"?>
<!-- Generated by org.testng.reporters.JUnitReportReporter -->
<testsuite hostname="DESKTOP-2JBFBCA" failures="0" tests="5" name="testCases.HomePageTest" time="28.402" errors="0" timestamp="2022-11-01T16:22:43 EDT" skipped="0">
  <testcase classname="testCases.HomePageTest" name="verifyHomePageTitleTest" time="4.531"/>
  <system-out/>
  <testcase classname="testCases.HomePageTest" name="clickOnLoginBtnTest" time="4.752"/>
  <system-out/>
  <testcase classname="testCases.HomePageTest" name="verifyloginTextTest" time="6.580"/>
  <system-out/>
  <testcase classname="testCases.HomePageTest" name="clickOnSignBtnTest" time="5.961"/>
  <system-out/>
  <testcase classname="testCases.HomePageTest" name="verifySignUpPageTest" time="6.578"/>
  <system-out/>
</testsuite> <!-- testCases.HomePageTest -->
