<?xml version="1.0" encoding="UTF-8"?>
<!-- Generated by org.testng.reporters.JUnitReportReporter -->
<testsuite hostname="DESKTOP-2JBFBCA" failures="0" tests="1" name="testCases.LoginPageTest" time="11.605" errors="0" timestamp="2022-11-01T16:21:46 EDT" skipped="0">
  <testcase classname="testCases.LoginPageTest" name="loginPageTest" time="11.605"/>
  <system-out/>
</testsuite> <!-- testCases.LoginPageTest -->
